<?xml version="1.0" encoding="UTF-8"?>
<!-- Generated by org.testng.reporters.JUnitReportReporter -->
<testsuite hostname="KRUSHNALI" failures="0" tests="1" name="TestSuite.Create_Organization_With_Industry" time="12.137" errors="0" timestamp="2024-07-31T11:28:50 IST" skipped="0">
  <testcase classname="TestSuite.Create_Organization_With_Industry" name="industry" time="12.137"/>
</testsuite> <!-- TestSuite.Create_Organization_With_Industry -->
