<?xml version="1.0" encoding="UTF-8"?>
<!-- Generated by org.testng.reporters.JUnitReportReporter -->
<testsuite hostname="KRUSHNALI" failures="0" tests="1" name="TestSuite.Create_Contact_With_SupportStartDate_And_EndDate" time="15.981" errors="0" timestamp="2024-07-31T16:21:15 IST" skipped="0">
  <testcase classname="TestSuite.Create_Contact_With_SupportStartDate_And_EndDate" name="contact" time="15.981">
    <system-out>
      <![CDATA[contactis Executed]]>
    </system-out>
  </testcase> <!-- contact -->
  <system-out>
    <![CDATA[contactis Executed]]>
  </system-out>
</testsuite> <!-- TestSuite.Create_Contact_With_SupportStartDate_And_EndDate -->
